+------------------------------------------------------------------------------+
|                                                                              |
| QuantumATK R-2020.09[Build 0e538b3]                                          |
|                                                                              |
+------------------------------------------------------------------------------+
+----------------------------------------------------------+
| Bulk Bravais lattice                                     |
+----------------------------------------------------------+
Type:
Triclinic

Lattice constants:
a =    16.685800 Ang
b =    11.680700 Ang
c =     8.342890 Ang

Lattice angles:
alpha =    90.000000 deg
beta  =    90.000000 deg
gamma =    90.000000 deg

Primitive vectors:
u_1 =     16.685800      0.000000      0.000000 Ang
u_2 =      0.000000     11.680700      0.000000 Ang
u_3 =      0.000000      0.000000      8.342890 Ang

+----------------------------------------------------------+
| Bulk: Cartesian (Angstrom) / fractional                  |
+----------------------------------------------------------+
65
Bulk
B     1.008874e+01  8.792881e+00  4.069745e+00    0.60463  0.75277  0.48781
B     1.172411e+01  8.771505e+00  4.197475e+00    0.70264  0.75094  0.50312
B     1.332862e+01  8.749662e+00  4.171612e+00    0.79880  0.74907  0.50002
B     1.498285e+01  8.753049e+00  4.186045e+00    0.89794  0.74936  0.50175
B     9.144486e+00  1.021302e+01  4.188715e+00    0.54804  0.87435  0.50207
B     1.082908e+01  1.023872e+01  4.182624e+00    0.64900  0.87655  0.50134
B     1.422147e+01  1.022412e+01  4.180789e+00    0.85231  0.87530  0.50112
B     1.588305e+01  1.022599e+01  4.162935e+00    0.95189  0.87546  0.49898
B     1.002616e+01  9.344560e-03  4.216079e+00    0.60088  0.00080  0.50535
B     1.170659e+01  7.358841e-03  4.108623e+00    0.70159  0.00063  0.49247
B     1.331727e+01  2.545027e-16  4.156344e+00    0.79812  0.00000  0.49819
B     1.497434e+01  2.548041e-16  4.161267e+00    0.89743  0.00000  0.49878
B     9.145487e+00  1.468498e+00  4.187630e+00    0.54810  0.12572  0.50194
B     1.082758e+01  1.447706e+00  4.190884e+00    0.64891  0.12394  0.50233
B     1.422581e+01  1.469432e+00  4.198643e+00    0.85257  0.12580  0.50326
B     1.588255e+01  1.475506e+00  4.150921e+00    0.95186  0.12632  0.49754
B     1.008473e+01  2.905107e+00  4.139659e+00    0.60439  0.24871  0.49619
B     1.172528e+01  2.929403e+00  4.153508e+00    0.70271  0.25079  0.49785
B     1.332845e+01  2.917372e+00  4.203732e+00    0.79879  0.24976  0.50387
B     1.498135e+01  2.917488e+00  4.161517e+00    0.89785  0.24977  0.49881
B     9.150159e+00  4.325130e+00  4.187463e+00    0.54838  0.37028  0.50192
B     1.084460e+01  4.360405e+00  4.059901e+00    0.64993  0.37330  0.48663
B     1.421931e+01  4.387505e+00  4.165688e+00    0.85218  0.37562  0.49931
B     1.588872e+01  4.393228e+00  4.181039e+00    0.95223  0.37611  0.50115
B     1.009124e+01  5.840700e+00  4.283824e+00    0.60478  0.50003  0.51347
B     1.172745e+01  5.839299e+00  4.183042e+00    0.70284  0.49991  0.50139
B     1.332645e+01  5.829954e+00  4.157012e+00    0.79867  0.49911  0.49827
B     1.499219e+01  5.838131e+00  4.163186e+00    0.89850  0.49981  0.49901
B     9.147322e+00  7.380801e+00  4.117800e+00    0.54821  0.63188  0.49357
B     1.083776e+01  7.319360e+00  4.129981e+00    0.64952  0.62662  0.49503
B     1.422715e+01  7.305343e+00  4.153508e+00    0.85265  0.62542  0.49785
B     1.588688e+01  7.300204e+00  4.198977e+00    0.95212  0.62498  0.50330
B     1.700617e+00  8.753633e+00  4.186128e+00    0.10192  0.74941  0.50176
B     3.356015e+00  8.749312e+00  4.171779e+00    0.20113  0.74904  0.50004
B     4.960855e+00  8.771738e+00  4.198142e+00    0.29731  0.75096  0.50320
B     6.596731e+00  8.792647e+00  4.067075e+00    0.39535  0.75275  0.48749
B     8.012521e-01  1.022657e+01  4.162351e+00    0.04802  0.87551  0.49891
B     2.462490e+00  1.022412e+01  4.180789e+00    0.14758  0.87530  0.50112
B     5.856215e+00  1.023802e+01  4.185795e+00    0.35097  0.87649  0.50172
B     7.540814e+00  1.021314e+01  4.187046e+00    0.45193  0.87436  0.50187
B     1.709794e+00  2.548807e-16  4.162518e+00    0.10247 -0.00000  0.49893
B     3.367194e+00  2.545946e-16  4.157846e+00    0.20180 -0.00000  0.49837
B     4.977875e+00  7.008420e-03  4.111710e+00    0.29833  0.00060  0.49284
B     6.657801e+00  8.760525e-03  4.213410e+00    0.39901  0.00075  0.50503
B     8.015858e-01  1.475039e+00  4.151088e+00    0.04804  0.12628  0.49756
B     2.458319e+00  1.469198e+00  4.197642e+00    0.14733  0.12578  0.50314
B     5.856716e+00  1.447589e+00  4.193554e+00    0.35100  0.12393  0.50265
B     7.538811e+00  1.468264e+00  4.185795e+00    0.45181  0.12570  0.50172
B     1.702285e+00  2.917255e+00  4.161517e+00    0.10202  0.24975  0.49881
B     3.355348e+00  2.918423e+00  4.202814e+00    0.20109  0.24985  0.50376
B     4.958519e+00  2.928585e+00  4.152340e+00    0.29717  0.25072  0.49771
B     6.599568e+00  2.904756e+00  4.137323e+00    0.39552  0.24868  0.49591
B     7.945778e-01  4.392177e+00  4.181707e+00    0.04762  0.37602  0.50123
B     2.465160e+00  4.387388e+00  4.165855e+00    0.14774  0.37561  0.49933
B     5.838528e+00  4.359821e+00  4.055479e+00    0.34991  0.37325  0.48610
B     7.534807e+00  4.325013e+00  4.180372e+00    0.45157  0.37027  0.50107
B     1.691940e+00  5.838014e+00  4.165271e+00    0.10140  0.49980  0.49926
B     3.357016e+00  5.829020e+00  4.157512e+00    0.20119  0.49903  0.49833
B     4.956183e+00  5.839182e+00  4.180288e+00    0.29703  0.49990  0.50106
B     6.593728e+00  5.839766e+00  4.262633e+00    0.39517  0.49995  0.51093
B     7.960795e-01  7.300321e+00  4.199811e+00    0.04771  0.62499  0.50340
B     2.455649e+00  7.305694e+00  4.152757e+00    0.14717  0.62545  0.49776
B     5.846037e+00  7.318776e+00  4.128312e+00    0.35036  0.62657  0.49483
B     7.536809e+00  7.381852e+00  4.110542e+00    0.45169  0.63197  0.49270
Fe    8.340230e+00  5.882167e+00  5.099174e+00    0.49984  0.50358  0.61120
+------------------------------------------------------------------------------+
|                                                                              |
| DFT Calculation  [Started Mon Nov  1 21:51:19 2021]                          |
|                                                                              |
+------------------------------------------------------------------------------+
+------------------------------------------------------------------------------+
|                                                                              |
| CPU Information                                                              |
|                                                                              |
+------------------------------------------------------------------------------+
|  Process ID 0 at yavar-001 (1 thread)                                        |
|  Process ID 1 at yavar-001 (1 thread)                                        |
+------------------------------------------------------------------------------+
+------------------------------------------------------------------------------+
|                                                                              |
| SCF Loop Information                                                         |
|                                                                              |
+------------------------------------------------------------------------------+
+------------------------------------------------------------------------------+
| K-point grid: 1 x 2 x 1                                                      |
| Number of irreducible k-points: 2                                            |
| Using symmetry reduction of k-points.                                        |
+------------------------------------------------------------------------------+
+------------------------------------------------------------------------------+
| Grid samplings in a, b, and c directions:                                    |
|     Real space grid:           (208, 144, 104)                               |
|                                                                              |
| Exchange-correlation: SGGA.PBE                                               |
+------------------------------------------------------------------------------+
+------------------------------------------------------------------------------+
| Memory requirements for the calculation                                      |
+------------------------------------------------------------------------------+
| Memory estimate for plane-wave quantities per process: 5.71 GB               |
| [Number of bands: 132, Plane-Wave basis size: 185270]                        |
|                                                                              |
| Total memory required per real-space grid: 48 MB                             |
+------------------------------------------------------------------------------+
+------------------------------------------------------------------------------+
| SCF History                                                                  |
+------------------------------------------------------------------------------+
| Memory required to store SCF history: 285 MB                                 |
| Number of history steps: 6                                                   |
+------------------------------------------------------------------------------+
+------------------------------------------------------------------------------+
| Checkpoint Handler                                                           |
+------------------------------------------------------------------------------+
| Filename : /home/yavar/MYGIT/2D_materials/borophene/x3_category/supercell/X3_| <== WARNING : truncated content
| Interval : 0.5 h                                                             |
+------------------------------------------------------------------------------+
+------------------------------------------------------------------------------+
| The stop calculation file feature has been enabled for the SCF loop.         |
| Creating the following file in the current working directory will stop the   |
| calculation at the next iteration:                                           |
| stop-scf-e82c39e1-2073-4fc3-9357-310155ed790b                                |
| The file must be created in the directory:                                   |
| /home/yavar/MYGIT/2D_materials/                                              |
+------------------------------------------------------------------------------+
+------------------------------------------------------------------------------+
| Plane-Wave parallelization report                                            |
+------------------------------------------------------------------------------+
| Total number of processes: 2                                                 |
| Total number of k-points: 2                                                  |
| Processes per k-point: 1                                                     |
+------------------------------------------------------------------------------+
| Process occupation                                                           |
+------------------------------------------------------------------------------+
| Process 0: |===============================================================| |
| Process 1: |===============================================================| |
+------------------------------------------------------------------------------+
+------------------------------------------------------------------------------+
| SCF Loop                                                                     |
+------------------------------------------------------------------------------+
|   0 E =  -8508.076970   dE =  8.508077e+03   dR =  7.555570e-01              |
|   1 E =  -8514.153229   dE =  6.076259e+00   dR =  6.481510e-01              |
|   2 E =  -8553.341525   dE =  3.918830e+01   dR =  7.462267e-01              |
|   3 E =  -8572.348760   dE =  1.900723e+01   dR =  4.449400e-01              |
|   4 E =  -8542.933115   dE =  2.941564e+01   dR =  3.841637e-01              |
|   5 E =  -8538.917818   dE =  4.015298e+00   dR =  2.433132e-01              |
|   6 E =  -8539.473113   dE =  5.552952e-01   dR =  4.126968e-01              |
|   7 E =  -8538.253425   dE =  1.219688e+00   dR =  1.713115e-01              |
|   8 E =  -8539.252615   dE =  9.991902e-01   dR =  4.248465e-01              |
|   9 E =  -8538.109569   dE =  1.143046e+00   dR =  2.528978e-01              |
|  10 E =  -8537.768852   dE =  3.407163e-01   dR =  1.138693e-01              |
|  11 E =  -8537.766402   dE =  2.450317e-03   dR =  8.547166e-02              |
|  12 E =  -8537.798194   dE =  3.179204e-02   dR =  9.266423e-02              |
|  13 E =  -8537.812107   dE =  1.391312e-02   dR =  8.156516e-02              |
|  14 E =  -8537.811282   dE =  8.246747e-04   dR =  4.418846e-02              |
|  15 E =  -8537.793696   dE =  1.758634e-02   dR =  3.315505e-02              |
|  16 E =  -8537.794758   dE =  1.062289e-03   dR =  1.376669e-02              |
|  17 E =  -8537.795864   dE =  1.105638e-03   dR =  2.121841e-02              |
|  18 E =  -8537.791873   dE =  3.991009e-03   dR =  1.227225e-02              |
|  19 E =  -8537.791837   dE =  3.589958e-05   dR =  1.029219e-02              |
|  20 E =  -8537.792251   dE =  4.141265e-04   dR =  1.047788e-02              |
|  21 E =  -8537.791662   dE =  5.894554e-04   dR =  6.775466e-03              |
|  22 E =  -8537.791875   dE =  2.133078e-04   dR =  5.769356e-03              |
|  23 E =  -8537.792018   dE =  1.431004e-04   dR =  4.267670e-03              |
|  24 E =  -8537.792245   dE =  2.263615e-04   dR =  3.754804e-03              |
|  25 E =  -8537.792108   dE =  1.369570e-04   dR =  2.443012e-03              |
|  26 E =  -8537.792413   dE =  3.058543e-04   dR =  1.443013e-03              |
|  27 E =  -8537.792237   dE =  1.761999e-04   dR =  9.354368e-04              |
|  28 E =  -8537.792342   dE =  1.050349e-04   dR =  6.741788e-04              |
|  29 E =  -8537.792348   dE =  6.076012e-06   dR =  5.011734e-04              |
|  30 E =  -8537.792414   dE =  6.565240e-05   dR =  4.087087e-04              |
|  31 E =  -8537.792480   dE =  6.550984e-05   dR =  3.886481e-04              |
|  32 E =  -8537.792610   dE =  1.303565e-04   dR =  4.280065e-04              |
|  33 E =  -8537.792589   dE =  2.113820e-05   dR =  2.585788e-04              |
|  34 E =  -8537.792685   dE =  9.616418e-05   dR =  2.437758e-04              |
|  35 E =  -8537.792721   dE =  3.643018e-05   dR =  1.384627e-04              |
|  36 E =  -8537.792789   dE =  6.736169e-05   dR =  1.545047e-04              |
|  37 E =  -8537.792816   dE =  2.696883e-05   dR =  9.300449e-05              |
|  38 E =  -8537.792854   dE =  3.853671e-05   dR =  9.859254e-05              |
|  39 E =  -8537.792957   dE =  1.025982e-04   dR =  1.278280e-04              |
|  40 E =  -8537.793030   dE =  7.286120e-05   dR =  7.727852e-05              |
|  41 E =  -8537.793085   dE =  5.533534e-05   dR =  7.537856e-05              |
|  42 E =  -8537.793107   dE =  2.154107e-05   dR =  8.100721e-05              |
|  43 E =  -8537.793133   dE =  2.628977e-05   dR =  7.864375e-05              |
|  44 E =  -8537.793180   dE =  4.729523e-05   dR =  5.629350e-05              |
|  45 E =  -8537.793189   dE =  8.481693e-06   dR =  4.390364e-05              |
|  46 E =  -8537.793193   dE =  4.678664e-06   dR =  4.077063e-05              |
+------------------------------------------------------------------------------+
| Calculation Converged in 47 steps                                            |
|                                                                              |
| Fermi Level  = -5.813564 eV                                                  |
+------------------------------------------------------------------------------+
+------------------------------------------------------------------------------+
|                                                                              |
| DFT Calculation  [Finished Mon Nov  1 23:55:20 2021]                         |
|                                                                              |
+------------------------------------------------------------------------------+
+------------------------------------------------------------------------------+
|                                                                              |
| Density of States Analysis                                                   |
|                                                                              |
+------------------------------------------------------------------------------+

                            |--------------------------------------------------|
Calculating eigenvalues    : 