+------------------------------------------------------------------------------+
|                                                                              |
| QuantumATK R-2020.09[Build 0e538b3]                                          |
|                                                                              |
+------------------------------------------------------------------------------+
+----------------------------------------------------------+
| Bulk Bravais lattice                                     |
+----------------------------------------------------------+
Type:
UnitCell

Lattice constants:

Primitive vectors:
u_1 =     16.685784      0.000000      0.000000 Ang
u_2 =      0.000000     11.680716      0.000000 Ang
u_3 =      0.000000      0.000000      8.342892 Ang

+----------------------------------------------------------+
| Bulk: Cartesian (Angstrom) / fractional                  |
+----------------------------------------------------------+
65
Bulk
B     1.001147e+01  8.760537e+00  4.171446e+00    0.60000  0.75000  0.50000
B     1.168005e+01  8.760537e+00  4.171446e+00    0.70000  0.75000  0.50000
B     1.334863e+01  8.760537e+00  4.171446e+00    0.80000  0.75000  0.50000
B     1.501721e+01  8.760537e+00  4.171446e+00    0.90000  0.75000  0.50000
B     9.177181e+00  1.022063e+01  4.171446e+00    0.55000  0.87500  0.50000
B     1.084576e+01  1.022063e+01  4.171446e+00    0.65000  0.87500  0.50000
B     1.418292e+01  1.022063e+01  4.171446e+00    0.85000  0.87500  0.50000
B     1.585149e+01  1.022063e+01  4.171446e+00    0.95000  0.87500  0.50000
B     1.001147e+01  2.554274e-16  4.171446e+00    0.60000 -0.00000  0.50000
B     1.168005e+01  2.554274e-16  4.171446e+00    0.70000 -0.00000  0.50000
B     1.334863e+01  2.554274e-16  4.171446e+00    0.80000 -0.00000  0.50000
B     1.501721e+01  2.554274e-16  4.171446e+00    0.90000 -0.00000  0.50000
B     9.177181e+00  1.460090e+00  4.171446e+00    0.55000  0.12500  0.50000
B     1.084576e+01  1.460090e+00  4.171446e+00    0.65000  0.12500  0.50000
B     1.418292e+01  1.460090e+00  4.171446e+00    0.85000  0.12500  0.50000
B     1.585149e+01  1.460090e+00  4.171446e+00    0.95000  0.12500  0.50000
B     1.001147e+01  2.920179e+00  4.171446e+00    0.60000  0.25000  0.50000
B     1.168005e+01  2.920179e+00  4.171446e+00    0.70000  0.25000  0.50000
B     1.334863e+01  2.920179e+00  4.171446e+00    0.80000  0.25000  0.50000
B     1.501721e+01  2.920179e+00  4.171446e+00    0.90000  0.25000  0.50000
B     9.177181e+00  4.380268e+00  4.171446e+00    0.55000  0.37500  0.50000
B     1.084576e+01  4.380268e+00  4.171446e+00    0.65000  0.37500  0.50000
B     1.418292e+01  4.380268e+00  4.171446e+00    0.85000  0.37500  0.50000
B     1.585149e+01  4.380268e+00  4.171446e+00    0.95000  0.37500  0.50000
B     1.001147e+01  5.840358e+00  4.171446e+00    0.60000  0.50000  0.50000
B     1.168005e+01  5.840358e+00  4.171446e+00    0.70000  0.50000  0.50000
B     1.334863e+01  5.840358e+00  4.171446e+00    0.80000  0.50000  0.50000
B     1.501721e+01  5.840358e+00  4.171446e+00    0.90000  0.50000  0.50000
B     9.177181e+00  7.300448e+00  4.171446e+00    0.55000  0.62500  0.50000
B     1.084576e+01  7.300448e+00  4.171446e+00    0.65000  0.62500  0.50000
B     1.418292e+01  7.300448e+00  4.171446e+00    0.85000  0.62500  0.50000
B     1.585149e+01  7.300448e+00  4.171446e+00    0.95000  0.62500  0.50000
B     1.668578e+00  8.760537e+00  4.171446e+00    0.10000  0.75000  0.50000
B     3.337157e+00  8.760537e+00  4.171446e+00    0.20000  0.75000  0.50000
B     5.005735e+00  8.760537e+00  4.171446e+00    0.30000  0.75000  0.50000
B     6.674314e+00  8.760537e+00  4.171446e+00    0.40000  0.75000  0.50000
B     8.342892e-01  1.022063e+01  4.171446e+00    0.05000  0.87500  0.50000
B     2.502868e+00  1.022063e+01  4.171446e+00    0.15000  0.87500  0.50000
B     5.840024e+00  1.022063e+01  4.171446e+00    0.35000  0.87500  0.50000
B     7.508603e+00  1.022063e+01  4.171446e+00    0.45000  0.87500  0.50000
B     1.668578e+00  2.554274e-16  4.171446e+00    0.10000 -0.00000  0.50000
B     3.337157e+00  2.554274e-16  4.171446e+00    0.20000 -0.00000  0.50000
B     5.005735e+00  2.554274e-16  4.171446e+00    0.30000 -0.00000  0.50000
B     6.674314e+00  2.554274e-16  4.171446e+00    0.40000 -0.00000  0.50000
B     8.342892e-01  1.460090e+00  4.171446e+00    0.05000  0.12500  0.50000
B     2.502868e+00  1.460090e+00  4.171446e+00    0.15000  0.12500  0.50000
B     5.840024e+00  1.460090e+00  4.171446e+00    0.35000  0.12500  0.50000
B     7.508603e+00  1.460090e+00  4.171446e+00    0.45000  0.12500  0.50000
B     1.668578e+00  2.920179e+00  4.171446e+00    0.10000  0.25000  0.50000
B     3.337157e+00  2.920179e+00  4.171446e+00    0.20000  0.25000  0.50000
B     5.005735e+00  2.920179e+00  4.171446e+00    0.30000  0.25000  0.50000
B     6.674314e+00  2.920179e+00  4.171446e+00    0.40000  0.25000  0.50000
B     8.342892e-01  4.380268e+00  4.171446e+00    0.05000  0.37500  0.50000
B     2.502868e+00  4.380268e+00  4.171446e+00    0.15000  0.37500  0.50000
B     5.840024e+00  4.380268e+00  4.171446e+00    0.35000  0.37500  0.50000
B     7.508603e+00  4.380268e+00  4.171446e+00    0.45000  0.37500  0.50000
B     1.668578e+00  5.840358e+00  4.171446e+00    0.10000  0.50000  0.50000
B     3.337157e+00  5.840358e+00  4.171446e+00    0.20000  0.50000  0.50000
B     5.005735e+00  5.840358e+00  4.171446e+00    0.30000  0.50000  0.50000
B     6.674314e+00  5.840358e+00  4.171446e+00    0.40000  0.50000  0.50000
B     8.342892e-01  7.300448e+00  4.171446e+00    0.05000  0.62500  0.50000
B     2.502868e+00  7.300448e+00  4.171446e+00    0.15000  0.62500  0.50000
B     5.840024e+00  7.300448e+00  4.171446e+00    0.35000  0.62500  0.50000
B     7.508603e+00  7.300448e+00  4.171446e+00    0.45000  0.62500  0.50000
Fe    8.287438e+00  6.066632e+00  4.784329e+00    0.49668  0.51937  0.57346
+------------------------------------------------------------------------------+
|                                                                              |
| DFT Calculation  [Started Sat Oct 30 22:52:11 2021]                          |
|                                                                              |
+------------------------------------------------------------------------------+
+------------------------------------------------------------------------------+
|                                                                              |
| CPU Information                                                              |
|                                                                              |
+------------------------------------------------------------------------------+
|  Process ID 0 at yavar-001 (2 threads)                                       |
+------------------------------------------------------------------------------+
+------------------------------------------------------------------------------+
|                                                                              |
| SCF Loop Information                                                         |
|                                                                              |
+------------------------------------------------------------------------------+
+------------------------------------------------------------------------------+
| K-point grid: 1 x 1 x 1                                                      |
| Number of irreducible k-points: 1                                            |
| Using symmetry reduction of k-points.                                        |
+------------------------------------------------------------------------------+
+------------------------------------------------------------------------------+
| Grid samplings in a, b, and c directions:                                    |
|     Real space grid:           (208, 144, 104)                               |
|                                                                              |
| Exchange-correlation: GGA.PBE                                                |
+------------------------------------------------------------------------------+
+------------------------------------------------------------------------------+
| Memory requirements for the calculation                                      |
+------------------------------------------------------------------------------+
| Memory estimate for plane-wave quantities per process: 5.29 GB               |
| [Number of bands: 132, Plane-Wave basis size: 185341]                        |
|                                                                              |
| Total memory required per real-space grid: 24 MB                             |
+------------------------------------------------------------------------------+
+------------------------------------------------------------------------------+
| SCF History                                                                  |
+------------------------------------------------------------------------------+
| Memory required to store SCF history: 119 MB                                 |
| Number of history steps: 5                                                   |
+------------------------------------------------------------------------------+
+------------------------------------------------------------------------------+
| Checkpoint Handler                                                           |
+------------------------------------------------------------------------------+
| Filename : /tmp/checkpoint25109427.hdf5                                      |
| Interval : 0.5 h                                                             |
+------------------------------------------------------------------------------+
+------------------------------------------------------------------------------+
| The stop calculation file feature has been enabled for the SCF loop.         |
| Creating the following file in the current working directory will stop the   |
| calculation at the next iteration:                                           |
| stop-scf-9c74eb11-edf7-4257-8a2c-8f52afa6f2b5                                |
| The file must be created in the directory:                                   |
| /home/yavar/MYGIT/2D_materials/borophene/x3_category/supercell/              |
+------------------------------------------------------------------------------+
+------------------------------------------------------------------------------+
| Plane-Wave parallelization report                                            |
+------------------------------------------------------------------------------+
| Total number of processes: 1                                                 |
| Total number of k-points: 1                                                  |
| Processes per k-point: 1                                                     |
+------------------------------------------------------------------------------+
| Process occupation                                                           |
+------------------------------------------------------------------------------+
| Process 0: |===============================================================| |
+------------------------------------------------------------------------------+
+------------------------------------------------------------------------------+
| SCF Loop                                                                     |
+------------------------------------------------------------------------------+
|   0 E =  -8537.864450   dE =  8.537864e+03   dR =  5.363391e-01              |
|   1 E =  -8549.558425   dE =  1.169397e+01   dR =  9.568840e-01              |
|   2 E =  -8534.820527   dE =  1.473790e+01   dR =  3.881212e-01              |
|   3 E =  -8535.979813   dE =  1.159286e+00   dR =  5.128385e-01              |
|   4 E =  -8538.644485   dE =  2.664673e+00   dR =  9.095986e-01              |
|   5 E =  -8533.634696   dE =  5.009789e+00   dR =  1.910677e-01              |
|   6 E =  -8533.444746   dE =  1.899498e-01   dR =  1.756715e-01              |
|   7 E =  -8533.474181   dE =  2.943466e-02   dR =  5.855282e-02              |
|   8 E =  -8533.492403   dE =  1.822215e-02   dR =  4.972994e-02              |
|   9 E =  -8533.486271   dE =  6.131995e-03   dR =  2.538648e-02              |
|  10 E =  -8533.486615   dE =  3.435145e-04   dR =  9.738347e-03              |
|  11 E =  -8533.490287   dE =  3.672740e-03   dR =  1.118527e-02              |
|  12 E =  -8533.489390   dE =  8.974560e-04   dR =  1.050805e-02              |
|  13 E =  -8533.489520   dE =  1.297145e-04   dR =  3.226193e-03              |
|  14 E =  -8533.489531   dE =  1.102101e-05   dR =  2.446609e-03              |
|  15 E =  -8533.489283   dE =  2.479956e-04   dR =  1.852068e-03              |
|  16 E =  -8533.489315   dE =  3.190668e-05   dR =  1.055196e-03              |
|  17 E =  -8533.489276   dE =  3.853808e-05   dR =  5.951615e-04              |
|  18 E =  -8533.489241   dE =  3.528173e-05   dR =  6.721711e-04              |
|  19 E =  -8533.489318   dE =  7.734885e-05   dR =  3.816122e-04              |
