+------------------------------------------------------------------------------+
|                                                                              |
| QuantumATK R-2020.09[Build 0e538b3]                                          |
|                                                                              |
+------------------------------------------------------------------------------+
+----------------------------------------------------------+
| Bulk Bravais lattice                                     |
+----------------------------------------------------------+
Type:
Triclinic

Lattice constants:
a =     8.342892 Ang
b =     2.920179 Ang
c =     8.342892 Ang

Lattice angles:
alpha =    90.000000 deg
beta  =    90.000000 deg
gamma =    90.000000 deg

Primitive vectors:
u_1 =      8.342892      0.000000      0.000000 Ang
u_2 =      0.000000      2.920179      0.000000 Ang
u_3 =      0.000000      0.000000      8.342892 Ang

+----------------------------------------------------------+
| Bulk: Cartesian (Angstrom) / fractional                  |
+----------------------------------------------------------+
8
Bulk
B     1.668578e+00  2.554274e-16  4.171446e+00    0.20000 -0.00000  0.50000
B     3.337157e+00  2.554274e-16  4.171446e+00    0.40000 -0.00000  0.50000
B     5.005735e+00  2.554274e-16  4.171446e+00    0.60000 -0.00000  0.50000
B     6.674314e+00  2.554274e-16  4.171446e+00    0.80000 -0.00000  0.50000
B     8.342892e-01  1.460090e+00  4.171446e+00    0.10000  0.50000  0.50000
B     2.502868e+00  1.460090e+00  4.171446e+00    0.30000  0.50000  0.50000
B     5.840024e+00  1.460090e+00  4.171446e+00    0.70000  0.50000  0.50000
B     7.508603e+00  1.460090e+00  4.171446e+00    0.90000  0.50000  0.50000
+------------------------------------------------------------------------------+
|                                                                              |
| DFT Calculation  [Started Sat Oct 30 23:00:46 2021]                          |
|                                                                              |
+------------------------------------------------------------------------------+
+------------------------------------------------------------------------------+
|                                                                              |
| CPU Information                                                              |
|                                                                              |
+------------------------------------------------------------------------------+
|  Process ID 0 at yavar-001 (2 threads)                                       |
+------------------------------------------------------------------------------+
+------------------------------------------------------------------------------+
|                                                                              |
| SCF Loop Information                                                         |
|                                                                              |
+------------------------------------------------------------------------------+
+------------------------------------------------------------------------------+
| K-point grid: 4 x 9 x 1                                                      |
| Number of irreducible k-points: 15                                           |
| Using symmetry reduction of k-points.                                        |
+------------------------------------------------------------------------------+
+------------------------------------------------------------------------------+
| Grid samplings in a, b, and c directions:                                    |
|     Real space grid:           (80, 30, 80)                                  |
|                                                                              |
| Exchange-correlation: GGA.PBE                                                |
+------------------------------------------------------------------------------+
+------------------------------------------------------------------------------+
| Memory requirements for the calculation                                      |
+------------------------------------------------------------------------------+
| Memory estimate for plane-wave quantities per process: 79 MB                 |
| [Number of bands: 16, Plane-Wave basis size: 10762]                          |
|                                                                              |
| Total memory required per real-space grid: 1 MB                              |
+------------------------------------------------------------------------------+
+------------------------------------------------------------------------------+
| SCF History                                                                  |
+------------------------------------------------------------------------------+
| Memory required to store SCF history: 7 MB                                   |
| Number of history steps: 5                                                   |
+------------------------------------------------------------------------------+
+------------------------------------------------------------------------------+
| Checkpoint Handler                                                           |
+------------------------------------------------------------------------------+
| Filename : /home/yavar/MYGIT/2D_materials/borophene/x3_category/supercell/tes| <== WARNING : truncated content
| Interval : 0.5 h                                                             |
+------------------------------------------------------------------------------+
+------------------------------------------------------------------------------+
| The stop calculation file feature has been enabled for the SCF loop.         |
| Creating the following file in the current working directory will stop the   |
| calculation at the next iteration:                                           |
| stop-scf-d62854e5-cc9b-4350-8958-733d733e0da5                                |
| The file must be created in the directory:                                   |
| /home/yavar/MYGIT/2D_materials/borophene/x3_category/bulk/                   |
+------------------------------------------------------------------------------+
+------------------------------------------------------------------------------+
| Plane-Wave parallelization report                                            |
+------------------------------------------------------------------------------+
| Total number of processes: 1                                                 |
| Total number of k-points: 15                                                 |
| Processes per k-point: 1                                                     |
+------------------------------------------------------------------------------+
| Process occupation                                                           |
+------------------------------------------------------------------------------+
| Process 0: |===============================================================| |
+------------------------------------------------------------------------------+
+------------------------------------------------------------------------------+
| SCF Loop                                                                     |
+------------------------------------------------------------------------------+
|   0 E =  -636.8350747   dE =  6.368351e+02   dR =  7.417673e-02              |
|   1 E =  -636.3205321   dE =  5.145426e-01   dR =  6.335678e-02              |
|   2 E =  -636.3534617   dE =  3.292956e-02   dR =  1.665546e-02              |
|   3 E =  -636.4160460   dE =  6.258424e-02   dR =  1.045763e-02              |
|   4 E =  -636.4234396   dE =  7.393661e-03   dR =  1.676132e-03              |
|   5 E =  -636.4223159   dE =  1.123761e-03   dR =  4.972257e-04              |
|   6 E =  -636.4224109   dE =  9.506270e-05   dR =  2.049489e-04              |
|   7 E =  -636.4224397   dE =  2.874833e-05   dR =  1.738045e-04              |
|   8 E =  -636.4224962   dE =  5.654554e-05   dR =  4.126253e-05              |
|   9 E =  -636.4224792   dE =  1.697580e-05   dR =  1.851124e-05              |
|  10 E =  -636.4224819   dE =  2.643454e-06   dR =  1.244283e-05              |
|  11 E =  -636.4224796   dE =  2.245639e-06   dR =  5.468112e-06              |
+------------------------------------------------------------------------------+
| Calculation Converged in 12 steps                                            |
|                                                                              |
| Fermi Level  = -5.914996 eV                                                  |
+------------------------------------------------------------------------------+
+------------------------------------------------------------------------------+
|                                                                              |
| DFT Calculation  [Finished Sat Oct 30 23:01:10 2021]                         |
|                                                                              |
+------------------------------------------------------------------------------+

Timing:                          Total     Per Step        %

--------------------------------------------------------------------------------

Solve Eigensystem       :      16.91 s       1.41 s      62.33% |=============|
Loading Modules + MPI   :       2.88 s       2.88 s      10.62% |=|
Valence Density         :       2.54 s       0.21 s       9.35% |=|
Exchange-Correlation    :       1.32 s       0.10 s       4.85% ||
Init. Wave Functions    :       1.00 s       1.00 s       3.69% ||
Difference Density      :       0.39 s       0.03 s       1.45% |
Neutral Atom Potential  :       0.39 s       0.39 s       1.45% |
Hartree Potential       :       0.09 s       0.01 s       0.33% |
Core Density            :       0.01 s       0.01 s       0.05% |
Constant Terms          :       0.01 s       0.01 s       0.02% |
--------------------------------------------------------------------------------
Total                   :      27.13 s
